<?xml version="1.0" encoding="UTF-8"?>
<!-- Generated by org.testng.reporters.JUnitXMLReporter -->
<testsuite ignored="0" hostname="DESKTOP-LHIKNTO" failures="0" tests="6" name="PetTests" time="5.252" errors="0" timestamp="2024-02-28T16:54:10 CST">
  <testcase classname="api.tests.DDTests" name="testPostUser" time="2.114"/>
  <testcase classname="api.tests.DDTests" name="testPostUser" time="0.268"/>
  <testcase classname="api.tests.DDTests" name="testPostUser" time="0.266"/>
  <testcase classname="api.tests.DDTests" name="testDeleteUserByName" time="0.313"/>
  <testcase classname="api.tests.DDTests" name="testDeleteUserByName" time="0.284"/>
  <testcase classname="api.tests.DDTests" name="testDeleteUserByName" time="0.258"/>
</testsuite> <!-- PetTests -->
