<?xml version="1.0" encoding="UTF-8"?>
<!-- Generated by org.testng.reporters.JUnitXMLReporter -->
<testsuite ignored="0" hostname="DESKTOP-LHIKNTO" failures="0" tests="6" name="Default test" time="14.427" errors="0" timestamp="2024-02-28T14:28:46 CST">
  <testcase classname="api.tests.DDTests" name="testPostUser" time="7.349"/>
  <testcase classname="api.tests.DDTests" name="testPostUser" time="0.331"/>
  <testcase classname="api.tests.DDTests" name="testPostUser" time="0.307"/>
  <testcase classname="api.tests.DDTests" name="testDeleteUserByName" time="0.375"/>
  <testcase classname="api.tests.DDTests" name="testDeleteUserByName" time="0.315"/>
  <testcase classname="api.tests.DDTests" name="testDeleteUserByName" time="0.298"/>
</testsuite> <!-- Default test -->
